[debug] [2026-05-22T19:55:01.972Z] ----------------------------------------------------------------------
[debug] [2026-05-22T19:55:01.974Z] Command:       C:\Program Files\nodejs\node.exe C:\Users\wwwre\AppData\Roaming\npm\node_modules\firebase-tools\lib\bin\firebase.js init hosting
[debug] [2026-05-22T19:55:01.975Z] CLI Version:   15.1.0
[debug] [2026-05-22T19:55:01.975Z] Platform:      win32
[debug] [2026-05-22T19:55:01.975Z] Node Version:  v22.17.0
[debug] [2026-05-22T19:55:01.975Z] Time:          Fri May 22 2026 22:55:01 GMT+0300 (Източноевропейско лятно часово време)
[debug] [2026-05-22T19:55:01.975Z] ----------------------------------------------------------------------
[debug] 
[info] 
     ######## #### ########  ######## ########     ###     ######  ########
     ##        ##  ##     ## ##       ##     ##  ##   ##  ##       ##
     ######    ##  ########  ######   ########  #########  ######  ######
     ##        ##  ##    ##  ##       ##     ## ##     ##       ## ##
     ##       #### ##     ## ######## ########  ##     ##  ######  ########

You're about to initialize a Firebase project in this directory:

  C:\Users\wwwre\Desktop\Angular\Note-React-Mini-App

[info] 
=== Project Setup
[info] 
[info] First, let's associate this project directory with a Firebase project.
[info] You can create multiple project aliases by running firebase use --add, 
[info] 
[debug] [2026-05-22T19:55:06.384Z] > command requires scopes: ["email","openid","https://www.googleapis.com/auth/cloudplatformprojects.readonly","https://www.googleapis.com/auth/firebase","https://www.googleapis.com/auth/cloud-platform"]
[debug] [2026-05-22T19:55:06.384Z] > authorizing via signed-in user (milen.atanasovv03@gmail.com)
[debug] [2026-05-22T19:55:06.386Z] Checked if tokens are valid: true, expires at: 1779483137853
[debug] [2026-05-22T19:55:06.386Z] Checked if tokens are valid: true, expires at: 1779483137853
[debug] [2026-05-22T19:55:06.387Z] >>> [apiv2][query] GET https://firebase.googleapis.com/v1beta1/availableProjects pageSize=100
[debug] [2026-05-22T19:55:07.094Z] <<< [apiv2][status] GET https://firebase.googleapis.com/v1beta1/availableProjects 200
[debug] [2026-05-22T19:55:07.095Z] <<< [apiv2][body] GET https://firebase.googleapis.com/v1beta1/availableProjects [omitted]
[debug] [2026-05-22T19:55:29.742Z] ExitPromptError: User force closed the prompt with SIGINT
    at Interface.sigint (C:\Users\wwwre\AppData\Roaming\npm\node_modules\firebase-tools\node_modules\@inquirer\core\dist\commonjs\lib\create-prompt.js:101:37)
    at Interface.emit (node:events:518:28)
    at [_ttyWrite] [as _ttyWrite] (node:internal/readline/interface:1132:18)
    at ReadStream.onkeypress (node:internal/readline/interface:271:20)
    at ReadStream.emit (node:events:530:35)
    at emitKeys (node:internal/readline/utils:370:14)
    at emitKeys.next (<anonymous>)
    at ReadStream.onData (node:internal/readline/emitKeypressEvents:64:36)
    at ReadStream.emit (node:events:518:28)
    at addChunk (node:internal/streams/readable:561:12)
[error] 
[error] Error: An unexpected error has occurred.
